<?xml version="1.0" encoding="UTF-8"?>
<!-- Generated by org.testng.reporters.JUnitReportReporter -->
<testsuite hostname="DESKTOP-U4C5TPU" failures="0" tests="2" name="practice.SendingJsonBodyPojoClass" time="3.645" errors="0" timestamp="2024-08-09T10:39:15 IST" skipped="0">
  <testcase classname="practice.SendingJsonBodyPojoClass" name="postNewData" time="3.598"/>
  <system-out/>
  <testcase classname="practice.SendingJsonBodyPojoClass" name="getData" time="0.047"/>
  <system-out/>
</testsuite> <!-- practice.SendingJsonBodyPojoClass -->
