<?xml version="1.0" encoding="UTF-8"?>
<!-- Generated by org.testng.reporters.JUnitReportReporter -->
<testsuite hostname="DESKTOP-U4C5TPU" failures="0" tests="1" name="practice.DeSerialisationJsonToPojo" time="0.499" errors="0" timestamp="2024-08-28T11:50:15 IST" skipped="0">
  <testcase classname="practice.DeSerialisationJsonToPojo" name="deSrialisationPojoToJson" time="0.499"/>
  <system-out/>
</testsuite> <!-- practice.DeSerialisationJsonToPojo -->
