<?xml version="1.0" encoding="UTF-8"?>
<!-- Generated by org.testng.reporters.JUnitReportReporter -->
<testsuite hostname="DESKTOP-U4C5TPU" failures="0" tests="1" name="chainingTest.GetUser" time="0.102" errors="0" timestamp="2024-09-02T20:18:01 IST" skipped="0">
  <testcase classname="chainingTest.GetUser" name="getUser" time="0.102"/>
  <system-out/>
</testsuite> <!-- chainingTest.GetUser -->
