<?xml version="1.0" encoding="UTF-8"?>
<!-- Generated by org.testng.reporters.JUnitReportReporter -->
<testsuite hostname="DESKTOP-U4C5TPU" failures="0" tests="1" name="chainingTest.CreateUser" time="2.397" errors="0" timestamp="2024-09-02T20:18:01 IST" skipped="0">
  <testcase classname="chainingTest.CreateUser" name="createUser" time="2.397"/>
  <system-out/>
</testsuite> <!-- chainingTest.CreateUser -->
