<?xml version="1.0" encoding="UTF-8"?>
<!-- Generated by org.testng.reporters.JUnitReportReporter -->
<testsuite hostname="DESKTOP-U4C5TPU" failures="0" tests="1" name="practice.TestGettingStoringAndValidatingHeaders" time="3.824" errors="0" timestamp="2024-08-13T11:11:29 IST" skipped="0">
  <testcase classname="practice.TestGettingStoringAndValidatingHeaders" name="logHeaders" time="3.824"/>
  <system-out/>
</testsuite> <!-- practice.TestGettingStoringAndValidatingHeaders -->
