<?xml version="1.0" encoding="UTF-8"?>
<!-- Generated by org.testng.reporters.JUnitReportReporter -->
<testsuite hostname="DESKTOP-U4C5TPU" failures="0" tests="4" name="practice.Sample" time="8.278" errors="0" timestamp="2024-08-12T11:03:20 IST" skipped="0">
  <testcase classname="practice.Sample" name="getUsers" time="4.617"/>
  <system-out/>
  <testcase classname="practice.Sample" name="createUser" time="2.158"/>
  <system-out/>
  <testcase classname="practice.Sample" name="editUser" time="0.730"/>
  <system-out/>
  <testcase classname="practice.Sample" name="deleteUser" time="0.773"/>
  <system-out/>
</testsuite> <!-- practice.Sample -->
