<?xml version="1.0" encoding="UTF-8"?>
<!-- Generated by org.testng.reporters.JUnitReportReporter -->
<testsuite hostname="DESKTOP-U4C5TPU" failures="0" tests="3" name="api.test.UserTest" time="7.045" errors="0" timestamp="2024-09-18T12:00:38 IST" skipped="0">
  <testcase classname="api.test.UserTest" name="createUser" time="3.614"/>
  <system-out/>
  <testcase classname="api.test.UserTest" name="getUser" time="1.825"/>
  <system-out/>
  <testcase classname="api.test.UserTest" name="updateUser" time="1.606"/>
  <system-out/>
</testsuite> <!-- api.test.UserTest -->
