<?xml version="1.0" encoding="UTF-8"?>
<!-- Generated by org.testng.reporters.JUnitReportReporter -->
<testsuite hostname="DESKTOP-U4C5TPU" failures="0" tests="2" name="practice.SendingJsonBodyUsingExternalJsonFile" time="2.391" errors="0" timestamp="2024-08-09T11:07:29 IST" skipped="0">
  <testcase classname="practice.SendingJsonBodyUsingExternalJsonFile" name="postNewData" time="2.358"/>
  <system-out/>
  <testcase classname="practice.SendingJsonBodyUsingExternalJsonFile" name="getData" time="0.033"/>
  <system-out/>
</testsuite> <!-- practice.SendingJsonBodyUsingExternalJsonFile -->
