<?xml version="1.0" encoding="UTF-8"?>
<!-- Generated by org.testng.reporters.JUnitReportReporter -->
<testsuite hostname="DESKTOP-U4C5TPU" failures="0" tests="1" name="practice.TestParsingJsonResponseFrValidation" time="4.133" errors="0" timestamp="2024-08-14T12:06:29 IST" skipped="0">
  <testcase classname="practice.TestParsingJsonResponseFrValidation" name="printAllFirstName" time="4.133"/>
  <system-out/>
</testsuite> <!-- practice.TestParsingJsonResponseFrValidation -->
