<?xml version="1.0" encoding="UTF-8"?>
<!-- Generated by org.testng.reporters.JUnitReportReporter -->
<testsuite hostname="DESKTOP-U4C5TPU" failures="0" tests="1" name="practice.SerialisationPojoToJson" time="0.587" errors="0" timestamp="2024-08-28T11:32:48 IST" skipped="0">
  <testcase classname="practice.SerialisationPojoToJson" name="serialisationPojoToJson" time="0.587"/>
  <system-out/>
</testsuite> <!-- practice.SerialisationPojoToJson -->
