<?xml version="1.0" encoding="UTF-8"?>
<!-- Generated by org.testng.reporters.JUnitReportReporter -->
<testsuite hostname="DESKTOP-U4C5TPU" failures="0" tests="2" name="practice.SendingJsonBodyUsingOrgTestNg" time="2.673" errors="0" timestamp="2024-08-08T11:30:22 IST" skipped="0">
  <testcase classname="practice.SendingJsonBodyUsingOrgTestNg" name="postNewData" time="2.627"/>
  <system-out/>
  <testcase classname="practice.SendingJsonBodyUsingOrgTestNg" name="getData" time="0.046"/>
  <system-out/>
</testsuite> <!-- practice.SendingJsonBodyUsingOrgTestNg -->
