<?xml version="1.0" encoding="UTF-8"?>
<!-- Generated by org.testng.reporters.JUnitReportReporter -->
<testsuite hostname="DESKTOP-U4C5TPU" failures="0" tests="4" name="practice.Sample" time="7.584" errors="0" timestamp="2024-08-05T11:48:03 IST" skipped="0">
  <testcase classname="practice.Sample" name="createUser" time="5.153"/>
  <system-out/>
  <testcase classname="practice.Sample" name="editUser" time="1.069"/>
  <system-out/>
  <testcase classname="practice.Sample" name="deleteUser" time="0.646"/>
  <system-out/>
  <testcase classname="practice.Sample" name="getUsers" time="0.716"/>
  <system-out/>
</testsuite> <!-- practice.Sample -->
