<?xml version="1.0" encoding="UTF-8"?>
<!-- Generated by org.testng.reporters.JUnitReportReporter -->
<testsuite hostname="DESKTOP-FMDR0JP" failures="0" tests="3" name="api.test.UserTest" time="7.450" errors="0" timestamp="2024-09-18T20:25:01 IST" skipped="0">
  <testcase classname="api.test.UserTest" name="createUser" time="4.076"/>
  <system-out/>
  <testcase classname="api.test.UserTest" name="getUser" time="1.697"/>
  <system-out/>
  <testcase classname="api.test.UserTest" name="updateUser" time="1.677"/>
  <system-out/>
</testsuite> <!-- api.test.UserTest -->
