<?xml version="1.0" encoding="UTF-8"?>
<!-- Generated by org.testng.reporters.JUnitReportReporter -->
<testsuite hostname="DESKTOP-U4C5TPU" failures="0" tests="1" name="practice.TestGettingAndStoringCookies" time="3.572" errors="0" timestamp="2024-08-13T11:13:33 IST" skipped="0">
  <testcase classname="practice.TestGettingAndStoringCookies" name="logCookies" time="3.572"/>
  <system-out/>
</testsuite> <!-- practice.TestGettingAndStoringCookies -->
