<?xml version="1.0" encoding="UTF-8"?>
<!-- Generated by org.testng.reporters.JUnitReportReporter -->
<testsuite hostname="DESKTOP-U4C5TPU" failures="0" tests="6" name="api.test.UserTest_XLDataDriven" time="15.778" errors="0" timestamp="2024-09-15T01:00:28 IST" skipped="0">
  <testcase classname="api.test.UserTest_XLDataDriven" name="createMultipleUsers" time="2.247"/>
  <system-out/>
  <testcase classname="api.test.UserTest_XLDataDriven" name="createMultipleUsers" time="4.991"/>
  <system-out/>
  <testcase classname="api.test.UserTest_XLDataDriven" name="createMultipleUsers" time="2.221"/>
  <system-out/>
  <testcase classname="api.test.UserTest_XLDataDriven" name="deleteMultipleUsers" time="2.044"/>
  <system-out/>
  <testcase classname="api.test.UserTest_XLDataDriven" name="deleteMultipleUsers" time="2.248"/>
  <system-out/>
  <testcase classname="api.test.UserTest_XLDataDriven" name="deleteMultipleUsers" time="2.027"/>
  <system-out/>
</testsuite> <!-- api.test.UserTest_XLDataDriven -->
