<?xml version="1.0" encoding="UTF-8"?>
<!-- Generated by org.testng.reporters.JUnitReportReporter -->
<testsuite hostname="DESKTOP-U4C5TPU" failures="0" tests="1" name="practice.TestPathAndQueryParam" time="3.233" errors="0" timestamp="2024-08-12T11:06:06 IST" skipped="0">
  <testcase classname="practice.TestPathAndQueryParam" name="getUsers" time="3.233"/>
  <system-out/>
</testsuite> <!-- practice.TestPathAndQueryParam -->
