<?xml version="1.0" encoding="UTF-8"?>
<!-- Generated by org.testng.reporters.JUnitReportReporter -->
<testsuite hostname="DESKTOP-U4C5TPU" failures="0" tests="2" name="api.test.UserTest" time="6.202" errors="0" timestamp="2024-09-18T11:04:56 IST" skipped="0">
  <testcase classname="api.test.UserTest" name="createUser" time="4.414"/>
  <system-out/>
  <testcase classname="api.test.UserTest" name="getUser" time="1.788"/>
  <system-out/>
</testsuite> <!-- api.test.UserTest -->
