<?xml version="1.0" encoding="UTF-8"?>
<!-- Generated by org.testng.reporters.JUnitReportReporter -->
<testsuite hostname="DESKTOP-U4C5TPU" failures="0" tests="1" name="practice.GenerateDummyDataWithFakerObj" time="0.373" errors="0" timestamp="2024-08-29T11:50:19 IST" skipped="0">
  <testcase classname="practice.GenerateDummyDataWithFakerObj" name="generateRandomData" time="0.373"/>
  <system-out/>
</testsuite> <!-- practice.GenerateDummyDataWithFakerObj -->
