<?xml version="1.0" encoding="UTF-8"?>
<!-- Generated by org.testng.reporters.JUnitReportReporter -->
<testsuite hostname="DESKTOP-U4C5TPU" failures="0" tests="4" name="api.test.UserTest" time="14.869" errors="0" timestamp="2024-09-14T11:30:46 IST" skipped="0">
  <testcase classname="api.test.UserTest" name="createUser" time="6.117"/>
  <system-out/>
  <testcase classname="api.test.UserTest" name="getUser" time="2.727"/>
  <system-out/>
  <testcase classname="api.test.UserTest" name="updateUser" time="3.789"/>
  <system-out/>
  <testcase classname="api.test.UserTest" name="deleteUser" time="2.236"/>
  <system-out/>
</testsuite> <!-- api.test.UserTest -->
